<?xml version="1.0" encoding="UTF-8"?>
<testsuite xmlns:xsi="http://www.w3.org/2001/XMLSchema-instance" xsi:schemaLocation="https://maven.apache.org/surefire/maven-surefire-plugin/xsd/surefire-test-report.xsd" name="runner.TestRunner" time="1.375" tests="3" errors="0" skipped="0" failures="2">
  <properties>
[...]
</properties>
  <testcase name="TestCase1: Validate number 10 is exactly divisible by 3." classname="EMPTY_NAME" time="0.271">
    <failure message="expected:&lt;0&gt; but was:&lt;1&gt;" type="junit.framework.AssertionFailedError"><![CDATA[junit.framework.AssertionFailedError: expected:<0> but was:<1>
]]></failure>
  </testcase>
  <testcase name="TestCase2: Comparison of two Strings" classname="EMPTY_NAME" time="0.01">
    <failure message="expected:&lt;Test[1]&gt; but was:&lt;Test[2]&gt;" type="junit.framework.ComparisonFailure"><![CDATA[junit.framework.ComparisonFailure: expected:<Test[1]> but was:<Test[2]>
]]></failure>
  </testcase>
  <testcase name="TestCase3: Validate number 10 is exactly divisible by 2." classname="EMPTY_NAME" time="0.004"/>
</testsuite>